<?xml version="1.0" encoding="UTF-8"?>
<!-- Generated by org.testng.reporters.JUnitXMLReporter -->
<testsuite hostname="LAPTOP-VFM9P8ED" ignored="0" name="CRMPRO Test Cases5" tests="3" failures="1" timestamp="2020-04-22T16:53:19 IST" time="22.296" errors="0">
  <testcase name="testFailed" time="0.025" classname="com.crm.qa.testcases.TestClassUsingListeners">
    <failure type="java.lang.AssertionError" message="Executing Failed Test Method">
      <![CDATA[java.lang.AssertionError: Executing Failed Test Method
at com.crm.qa.testcases.TestClassUsingListeners.testFailed(TestClassUsingListeners.java:35)
at java.util.ArrayList.forEach(ArrayList.java:1257)
... Removed 28 stack frames]]>
    </failure>
  </testcase> <!-- testFailed -->
  <testcase name="testSkipped" time="0.008" classname="com.crm.qa.testcases.TestClassUsingListeners">
    <skipped/>
  </testcase> <!-- testSkipped -->
  <testcase name="testSuccessful" time="0.0" classname="com.crm.qa.testcases.TestClassUsingListeners"/>
</testsuite> <!-- CRMPRO Test Cases5 -->
