<?xml version="1.0" encoding="UTF-8"?>
<testng-results skipped="1" failed="1" ignored="0" total="3" passed="1">
  <reporter-output>
  </reporter-output>
  <suite name="FREE CRM Application Test Automation Test Suite" duration-ms="25210" started-at="2020-04-24T23:28:04 IST" finished-at="2020-04-24T23:28:30 IST">
    <groups>
    </groups>
    <test name="CRMPRO Test Cases1" duration-ms="25210" started-at="2020-04-24T23:28:04 IST" finished-at="2020-04-24T23:28:30 IST">
      <class name="com.crm.qa.testcases.TestClassUsingListeners">
        <test-method status="PASS" signature="beforeClass()[pri:0, instance:com.crm.qa.testcases.TestClassUsingListeners@5e0e82ae]" name="beforeClass" is-config="true" duration-ms="23144" started-at="2020-04-24T23:28:04 IST" finished-at="2020-04-24T23:28:28 IST">
          <reporter-output>
          </reporter-output>
        </test-method> <!-- beforeClass -->
        <test-method status="FAIL" signature="testFailed()[pri:0, instance:com.crm.qa.testcases.TestClassUsingListeners@5e0e82ae]" name="testFailed" duration-ms="490" started-at="2020-04-24T23:28:28 IST" finished-at="2020-04-24T23:28:28 IST">
          <exception class="java.lang.AssertionError">
            <message>
              <![CDATA[Executing Failed Test Method]]>
            </message>
            <full-stacktrace>
              <![CDATA[java.lang.AssertionError: Executing Failed Test Method
at org.testng.Assert.fail(Assert.java:97)
at com.crm.qa.testcases.TestClassUsingListeners.testFailed(TestClassUsingListeners.java:35)
at sun.reflect.NativeMethodAccessorImpl.invoke0(Native Method)
at sun.reflect.NativeMethodAccessorImpl.invoke(NativeMethodAccessorImpl.java:62)
at sun.reflect.DelegatingMethodAccessorImpl.invoke(DelegatingMethodAccessorImpl.java:43)
at java.lang.reflect.Method.invoke(Method.java:498)
at org.testng.internal.MethodInvocationHelper.invokeMethod(MethodInvocationHelper.java:133)
at org.testng.internal.TestInvoker.invokeMethod(TestInvoker.java:584)
at org.testng.internal.TestInvoker.invokeTestMethod(TestInvoker.java:172)
at org.testng.internal.MethodRunner.runInSequence(MethodRunner.java:46)
at org.testng.internal.TestInvoker$MethodInvocationAgent.invoke(TestInvoker.java:804)
at org.testng.internal.TestInvoker.invokeTestMethods(TestInvoker.java:145)
at org.testng.internal.TestMethodWorker.invokeTestMethods(TestMethodWorker.java:146)
at org.testng.internal.TestMethodWorker.run(TestMethodWorker.java:128)
at java.util.ArrayList.forEach(ArrayList.java:1257)
at org.testng.TestRunner.privateRun(TestRunner.java:770)
at org.testng.TestRunner.run(TestRunner.java:591)
at org.testng.SuiteRunner.runTest(SuiteRunner.java:402)
at org.testng.SuiteRunner.runSequentially(SuiteRunner.java:396)
at org.testng.SuiteRunner.privateRun(SuiteRunner.java:355)
at org.testng.SuiteRunner.run(SuiteRunner.java:304)
at org.testng.SuiteRunnerWorker.runSuite(SuiteRunnerWorker.java:53)
at org.testng.SuiteRunnerWorker.run(SuiteRunnerWorker.java:96)
at org.testng.TestNG.runSuitesSequentially(TestNG.java:1180)
at org.testng.TestNG.runSuitesLocally(TestNG.java:1102)
at org.testng.TestNG.runSuites(TestNG.java:1032)
at org.testng.TestNG.run(TestNG.java:1000)
at org.testng.remote.AbstractRemoteTestNG.run(AbstractRemoteTestNG.java:115)
at org.testng.remote.RemoteTestNG.initAndRun(RemoteTestNG.java:251)
at org.testng.remote.RemoteTestNG.main(RemoteTestNG.java:77)
]]>
            </full-stacktrace>
          </exception> <!-- java.lang.AssertionError -->
          <reporter-output>
          </reporter-output>
        </test-method> <!-- testFailed -->
        <test-method status="SKIP" signature="testSkipped()[pri:0, instance:com.crm.qa.testcases.TestClassUsingListeners@5e0e82ae]" name="testSkipped" duration-ms="8" started-at="2020-04-24T23:28:29 IST" finished-at="2020-04-24T23:28:29 IST">
          <exception class="org.testng.SkipException">
            <message>
              <![CDATA[Executing Skipped Test Method]]>
            </message>
            <full-stacktrace>
              <![CDATA[org.testng.SkipException: Executing Skipped Test Method
at com.crm.qa.testcases.TestClassUsingListeners.testSkipped(TestClassUsingListeners.java:40)
at sun.reflect.NativeMethodAccessorImpl.invoke0(Native Method)
at sun.reflect.NativeMethodAccessorImpl.invoke(NativeMethodAccessorImpl.java:62)
at sun.reflect.DelegatingMethodAccessorImpl.invoke(DelegatingMethodAccessorImpl.java:43)
at java.lang.reflect.Method.invoke(Method.java:498)
at org.testng.internal.MethodInvocationHelper.invokeMethod(MethodInvocationHelper.java:133)
at org.testng.internal.TestInvoker.invokeMethod(TestInvoker.java:584)
at org.testng.internal.TestInvoker.invokeTestMethod(TestInvoker.java:172)
at org.testng.internal.MethodRunner.runInSequence(MethodRunner.java:46)
at org.testng.internal.TestInvoker$MethodInvocationAgent.invoke(TestInvoker.java:804)
at org.testng.internal.TestInvoker.invokeTestMethods(TestInvoker.java:145)
at org.testng.internal.TestMethodWorker.invokeTestMethods(TestMethodWorker.java:146)
at org.testng.internal.TestMethodWorker.run(TestMethodWorker.java:128)
at java.util.ArrayList.forEach(ArrayList.java:1257)
at org.testng.TestRunner.privateRun(TestRunner.java:770)
at org.testng.TestRunner.run(TestRunner.java:591)
at org.testng.SuiteRunner.runTest(SuiteRunner.java:402)
at org.testng.SuiteRunner.runSequentially(SuiteRunner.java:396)
at org.testng.SuiteRunner.privateRun(SuiteRunner.java:355)
at org.testng.SuiteRunner.run(SuiteRunner.java:304)
at org.testng.SuiteRunnerWorker.runSuite(SuiteRunnerWorker.java:53)
at org.testng.SuiteRunnerWorker.run(SuiteRunnerWorker.java:96)
at org.testng.TestNG.runSuitesSequentially(TestNG.java:1180)
at org.testng.TestNG.runSuitesLocally(TestNG.java:1102)
at org.testng.TestNG.runSuites(TestNG.java:1032)
at org.testng.TestNG.run(TestNG.java:1000)
at org.testng.remote.AbstractRemoteTestNG.run(AbstractRemoteTestNG.java:115)
at org.testng.remote.RemoteTestNG.initAndRun(RemoteTestNG.java:251)
at org.testng.remote.RemoteTestNG.main(RemoteTestNG.java:77)
]]>
            </full-stacktrace>
          </exception> <!-- org.testng.SkipException -->
          <reporter-output>
          </reporter-output>
        </test-method> <!-- testSkipped -->
        <test-method status="PASS" signature="testSuccessful()[pri:0, instance:com.crm.qa.testcases.TestClassUsingListeners@5e0e82ae]" name="testSuccessful" duration-ms="16" started-at="2020-04-24T23:28:29 IST" finished-at="2020-04-24T23:28:29 IST">
          <reporter-output>
          </reporter-output>
        </test-method> <!-- testSuccessful -->
        <test-method status="PASS" signature="afterClass()[pri:0, instance:com.crm.qa.testcases.TestClassUsingListeners@5e0e82ae]" name="afterClass" is-config="true" duration-ms="774" started-at="2020-04-24T23:28:29 IST" finished-at="2020-04-24T23:28:30 IST">
          <reporter-output>
          </reporter-output>
        </test-method> <!-- afterClass -->
      </class> <!-- com.crm.qa.testcases.TestClassUsingListeners -->
    </test> <!-- CRMPRO Test Cases1 -->
  </suite> <!-- FREE CRM Application Test Automation Test Suite -->
</testng-results>
